<reference anchor="W3C.test-metadata" target="https://www.w3.org/TR/test-metadata/">
  <front>
    <title>Test Metadata</title>
    <author>
      <organization abbrev="W3C">W3C</organization>
    </author>
  </front>
  <seriesInfo name="W3C NOTE" value="test-metadata"/>
</reference>